Time resolution is 1 ps
Note: Using 7 Bit Addressing
Time: 0 ps  Iteration: 0  Process: /bch_core_iic/inst_model_eeprom_iic/initial  File: C:/Users/Tugdual LE PELLETER/Documents/Recherche/Repositories/core_iic/sources/bench/model_eeprom_iic.vhd
Note: Using 7 Bit Addressing
Time: 0 ps  Iteration: 0  Process: /bch_core_iic/inst_model_eeprom_iic/initial  File: C:/Users/Tugdual LE PELLETER/Documents/Recherche/Repositories/core_iic/sources/bench/model_eeprom_iic.vhd
Note: rpt_bch_core_iic_wrapper_zedboard_sim.txt proc_file_rpt_open success
Time: 2501 ns  Iteration: 1  Process: /bch_core_iic/p_fsm_file_mgt_rpt  File: C:/Users/Tugdual LE PELLETER/Documents/Recherche/Repositories/core_iic/sources/bench/bch_core_iic.vhd
Note: log_bch_core_iic_wrapper_zedboard_sim.csv proc_file_log_open success
Time: 2503 ns  Iteration: 1  Process: /bch_core_iic/p_fsm_file_mgt_log  File: C:/Users/Tugdual LE PELLETER/Documents/Recherche/Repositories/core_iic/sources/bench/bch_core_iic.vhd
Note: << 7 bit addressing & address is a0>>
Time: 27465 ns  Iteration: 1  Process: /bch_core_iic/inst_model_eeprom_iic/line__421  File: C:/Users/Tugdual LE PELLETER/Documents/Recherche/Repositories/core_iic/sources/bench/model_eeprom_iic.vhd
Note: << Slave Data Received on write is ff>>
Time: 47385 ns  Iteration: 1  Process: /bch_core_iic/inst_model_eeprom_iic/line__421  File: C:/Users/Tugdual LE PELLETER/Documents/Recherche/Repositories/core_iic/sources/bench/model_eeprom_iic.vhd
Note: << Slave Data Received on write is a5>>
Time: 69795 ns  Iteration: 1  Process: /bch_core_iic/inst_model_eeprom_iic/line__421  File: C:/Users/Tugdual LE PELLETER/Documents/Recherche/Repositories/core_iic/sources/bench/model_eeprom_iic.vhd
Note: << 7 bit addressing & address is a0>>
Time: 102135 ns  Iteration: 1  Process: /bch_core_iic/inst_model_eeprom_iic/line__421  File: C:/Users/Tugdual LE PELLETER/Documents/Recherche/Repositories/core_iic/sources/bench/model_eeprom_iic.vhd
Note: << Slave Data Received on write is 00>>
Time: 122055 ns  Iteration: 1  Process: /bch_core_iic/inst_model_eeprom_iic/line__421  File: C:/Users/Tugdual LE PELLETER/Documents/Recherche/Repositories/core_iic/sources/bench/model_eeprom_iic.vhd
Note: << Slave Data Received on write is 5a>>
Time: 144465 ns  Iteration: 1  Process: /bch_core_iic/inst_model_eeprom_iic/line__421  File: C:/Users/Tugdual LE PELLETER/Documents/Recherche/Repositories/core_iic/sources/bench/model_eeprom_iic.vhd
Note: << 7 bit addressing & address is a0>>
Time: 176805 ns  Iteration: 1  Process: /bch_core_iic/inst_model_eeprom_iic/line__421  File: C:/Users/Tugdual LE PELLETER/Documents/Recherche/Repositories/core_iic/sources/bench/model_eeprom_iic.vhd
Note: << Slave Data Received on write is ff>>
Time: 196725 ns  Iteration: 1  Process: /bch_core_iic/inst_model_eeprom_iic/line__421  File: C:/Users/Tugdual LE PELLETER/Documents/Recherche/Repositories/core_iic/sources/bench/model_eeprom_iic.vhd
Note: << 7 bit addressing & address is a1>>
Time: 224115 ns  Iteration: 1  Process: /bch_core_iic/inst_model_eeprom_iic/line__421  File: C:/Users/Tugdual LE PELLETER/Documents/Recherche/Repositories/core_iic/sources/bench/model_eeprom_iic.vhd
Note:  << Slave Data transmitted on read is a5>>
Time: 245295 ns  Iteration: 1  Process: /bch_core_iic/inst_model_eeprom_iic/line__421  File: C:/Users/Tugdual LE PELLETER/Documents/Recherche/Repositories/core_iic/sources/bench/model_eeprom_iic.vhd
Note: No ACK on a Data Read, returning to Idle 
Time: 245295 ns  Iteration: 1  Process: /bch_core_iic/inst_model_eeprom_iic/line__421  File: C:/Users/Tugdual LE PELLETER/Documents/Recherche/Repositories/core_iic/sources/bench/model_eeprom_iic.vhd
Note: << 7 bit addressing & address is a0>>
Time: 276405 ns  Iteration: 1  Process: /bch_core_iic/inst_model_eeprom_iic/line__421  File: C:/Users/Tugdual LE PELLETER/Documents/Recherche/Repositories/core_iic/sources/bench/model_eeprom_iic.vhd
Note: << Slave Data Received on write is 00>>
Time: 296325 ns  Iteration: 1  Process: /bch_core_iic/inst_model_eeprom_iic/line__421  File: C:/Users/Tugdual LE PELLETER/Documents/Recherche/